0 info it worked if it ends with ok
1 verbose cli [ 'C:\\Program Files\\nodejs\\node.exe',
1 verbose cli   'C:\\Program Files\\nodejs\\node_modules\\npm\\bin\\npm-cli.js',
1 verbose cli   'publish' ]
2 info using npm@3.8.9
3 info using node@v6.2.0
4 verbose publish [ '.' ]
5 silly cache add args [ '.', null ]
6 verbose cache add spec .
7 silly cache add parsed spec Result {
7 silly cache add   raw: '.',
7 silly cache add   scope: null,
7 silly cache add   name: null,
7 silly cache add   rawSpec: '.',
7 silly cache add   spec: 'E:\\git\\ui-mobile-selector',
7 silly cache add   type: 'directory' }
8 verbose addLocalDirectory C:\Users\Administrator.FUTUCN-05121115\AppData\Roaming\npm-cache\ui-mobile-selector\1.0.0\package.tgz not in flight; packing
9 verbose correctMkdir C:\Users\Administrator.FUTUCN-05121115\AppData\Roaming\npm-cache correctMkdir not in flight; initializing
10 info lifecycle ui-mobile-selector@1.0.0~prepublish: ui-mobile-selector@1.0.0
11 silly lifecycle ui-mobile-selector@1.0.0~prepublish: no script for prepublish, continuing
12 verbose tar pack [ 'C:\\Users\\Administrator.FUTUCN-05121115\\AppData\\Roaming\\npm-cache\\ui-mobile-selector\\1.0.0\\package.tgz',
12 verbose tar pack   'E:\\git\\ui-mobile-selector' ]
13 verbose tarball C:\Users\Administrator.FUTUCN-05121115\AppData\Roaming\npm-cache\ui-mobile-selector\1.0.0\package.tgz
14 verbose folder E:\git\ui-mobile-selector
15 verbose addLocalTarball adding from inside cache C:\Users\Administrator.FUTUCN-05121115\AppData\Roaming\npm-cache\ui-mobile-selector\1.0.0\package.tgz
16 verbose correctMkdir C:\Users\Administrator.FUTUCN-05121115\AppData\Roaming\npm-cache correctMkdir not in flight; initializing
17 silly cache afterAdd ui-mobile-selector@1.0.0
18 verbose afterAdd C:\Users\Administrator.FUTUCN-05121115\AppData\Roaming\npm-cache\ui-mobile-selector\1.0.0\package\package.json not in flight; writing
19 verbose correctMkdir C:\Users\Administrator.FUTUCN-05121115\AppData\Roaming\npm-cache correctMkdir not in flight; initializing
20 verbose afterAdd C:\Users\Administrator.FUTUCN-05121115\AppData\Roaming\npm-cache\ui-mobile-selector\1.0.0\package\package.json written
21 silly publish { name: 'ui-mobile-selector',
21 silly publish   version: '1.0.0',
21 silly publish   description: 'ui-selector mode in mobile ',
21 silly publish   main: 'index.js',
21 silly publish   scripts: { test: 'webpack' },
21 silly publish   keywords: [ 'selector', 'mobile' ],
21 silly publish   author: { name: 'Jin' },
21 silly publish   license: 'ISC',
21 silly publish   devDependencies:
21 silly publish    { 'babel-core': '^6.17.0',
21 silly publish      'babel-loader': '^6.2.5',
21 silly publish      'babel-plugin-add-module-exports': '^0.2.1',
21 silly publish      'babel-preset-es2015': '^6.16.0',
21 silly publish      'babel-preset-es2015-loose': '^8.0.0',
21 silly publish      webpack: '^1.13.2' },
21 silly publish   repository:
21 silly publish    { type: 'git',
21 silly publish      url: 'git+https://github.com/Yi-love/ui-mobile-selector.git' },
21 silly publish   readme: '# ui-mobile-selector\n针对移动端做的一个select组件。\n\n## 引入\n\n### exports\n\n```js\n  if(typeof exports === \'object\' && typeof module === \'object\')\n  \tmodule.exports = factory();\n  else if(typeof define === \'function\' && define.amd)\n  \tdefine([], factory);\n  else if(typeof exports === \'object\')\n  \texports["MobileSelector"] = factory();\n  else\n  \troot["MobileSelector"] = factory();\n```\n\n### import\n\n```js\n  import {Selector , selectorManager} from \'ui-mobile-selector\';\n  //或\n  var MobileSelector = require(\'ui-mobile-selector\');\n  new MobileSelector.Selector();\n  MobileSelector.selectorManager;\n```\nor\n```html\n  //or\n  <script type="text/javascript" src="index.js"></script>\n  <script>\n  \t new MobileSelector.Selector();\n  \t MobileSelector.selectorManager;\n  </script>\n```\n\n## MobileSelector\n\n*   `Selector` : `Function` 通过 `new MobileSelector.Selector({})` 或 `new Selector({})`(`import`模式)创建selector实例\n*   `selectorManager` : `Object` 是`SelectorManager`实例，可直接使用。\n\n### Selector\nselect的组件。\n\n#### 参数\n\n```js\n\tthis.list                    = props.list || [];  \t\t//   列表\n\tthis.wrapper                 = props.wrapper;     \t\t//   点击的框\n\tthis.container               = props.container;   \t\t//   列表框\n\tthis.callback                = props.callback;    \t\t//   选中后的回调函数\n\tthis.showFun                 = props.showFun;     \t\t//   显示组件之前的回调\n\tthis.hideFun                 = props.hideFun;     \t\t//   关闭组件之后的回调\n\tthis.selected                = props.selected || 0;   //默认选择\n\tthis.alias                   = props.alias || {text:\'text\' , value:\'value\'};//需要设置的参数别名\n\tthis.selectClassName         = props.selectClassName || \'current\';   \t\t\t\t//选中样式\n\tthis.listerClassName         = props.listerClassName || \'lister-i\';  \t\t\t\t//option的样式\n\tthis.selectorListerClassName = props.selectorListerClassName || \'ui-selector-lister-container\'; //列表框class\n\tthis.selectorMenuClassName   = props.selectorMenuClassName || \'ui-selector-menu-container\';     //点击框class\n\tthis.selectorManager         = selectorManager; //组件管理对象\n\tthis.name                    = props.name || \'\'; //组件名称\n\tthis.cssTxt                  = props.cssTxt || \'\'; //需要附加的css样式\n\tthis.isShow                  = props.isShow ? true : false;//默认是否显示\n\tthis.defaultText             = props.defaultText || \'请选择\';//没有数据的时候显示\n\tthis.autoClose               = typeof props.autoClose !== \'undefined\' ? !!props.autoClose : true;//是否自动关闭\n\tthis.global                  = typeof props.global !== \'undefined\' ? !!props.global : true;//是否是全局\n\tthis.loadingTmpl             = props.loadingTmpl || \'<div class="ui-mobile-selector-loading-container"><span class="loading"><i class="loading-icon"></i>正在加载数据...</span></div>\';// loading\n\tprops.extends //扩展属性\n```\n\n#### 方法\n\n```js\n  init()  //初始化\n  extendProps(props) //扩展属性\n  addCss()  //添加css\n  setList(list)//设置数据列表\n  addToSelectorManager() //把组件对象添加到组件管理对象\n  removeFromSelectorManager()//从管理对象中移除\n  efficientGlobal() //作用于全局。比如：一个页面有多个select组件，想打开这个组件的同时关闭其它组件\n  addEventListener() //添加事件\n  selectIndex(idx) //选中\n  runCallBack()  //执行回调\n  runShowFun()   //执行显示组件之前进行回调\n  runHideFun()   //执行关闭组件之后进行回调\n  reSetListerClass(target)  //重置样式\n  render()     //渲染\n  renderDefault() //默认渲染\n  renderMenu()  //渲染按钮\n  renderList()  //渲染列表\n  autoHide()  //是否是自动关闭组件\n  hide()      //关闭组件\n  show()      //展示组件\n  hasClass(target , className)\n  addClass(target , className)\n  removeClass(target , className)\n  toggle()\n```\n\n#### 例子\n\n```html\n  <div id="menu"></div>\n  <div id="list"></div>\n```\n\n```js\n\tnew MobileSelector.Selector({\n\t\tselected:0,\n\t\tglobal:true,\n\t\tname:\'nnnn\',\n\t\tcssTxt:\'body{background:blue;}\',\n\t\twrapper:document.querySelector(\'#menu\'),\n\t\tcontainer:document.querySelector(\'#list\'),\n\t\talias:{text:\'name\' , value:\'id\'},\n\t\tlist:[{name:\'全部\',id:\'all\'},{name:\'aaaa\',id:\'in\'},{name:\'bbbb\',id:\'out\'}],\n\t\tcallback:function(idx , value){\n\t\t\tconsole.log(idx , value);\n\t\t}\n\t});\n```\n\n\n### SelectorManager\n组件管理对象\n\n主要用于添加/删除全局css，管理全部的Selector对象。\n\n为内部组件，可以通过`Selector`实例的`this.selectorManager`访问。\n\n#### 参数\n\n```js\n  this.count       = 0;        //组件数量\n  this.selectors   = {};       //组件集合\n  this.cssTxt      = cssTxt;   //组件通用样式\n  this.doc         = window && window.document;//document\n  this.headWrapper = this.doc && this.doc.head ? this.doc.head : this.doc.getElementsByTagName(\'head\')[0];//head\n  this.cssWrapper  = null;     //css Dom节点\n```\n\n#### 方法\n\n```js\n  appendCssWrapper() //添加css dom\n  addCommonCss(css) //添加默认全局css\n  removeCommonCss() //删除全局css\n  addSelector(selector)//添加Selector实例到SelectorManager\n  removeSelector(selectorName) // 删除Selector实例\n  efficientGlobal(selectorName) // 触发组件显示，并关闭其它组件（只有global:true的组件才会被关闭）。\n  setCount(dir)//添加或删除组件个数\n  getName() //组件没有名称则生成默认规则规则的名称\n```\n\n#### 例子\n\n```js\n  MobileSelector.selectorManager.removeCommonCss();\n```\n\n### 修改/测试\n\ncmd:\n\n```\n  webpack\n```',
21 silly publish   readmeFilename: 'README.md',
21 silly publish   gitHead: 'c2590984d5127938a41fb86e32ff4e080d6312bd',
21 silly publish   bugs: { url: 'https://github.com/Yi-love/ui-mobile-selector/issues' },
21 silly publish   homepage: 'https://github.com/Yi-love/ui-mobile-selector#readme',
21 silly publish   _id: 'ui-mobile-selector@1.0.0',
21 silly publish   _shasum: '0df7d88e6ba42b36790e160d93d30c2485ea43a2',
21 silly publish   _from: '.' }
22 verbose getPublishConfig undefined
23 silly mapToRegistry name ui-mobile-selector
24 silly mapToRegistry using default registry
25 silly mapToRegistry registry http://registry.cnpmjs.org/
26 silly mapToRegistry data Result {
26 silly mapToRegistry   raw: 'ui-mobile-selector',
26 silly mapToRegistry   scope: null,
26 silly mapToRegistry   name: 'ui-mobile-selector',
26 silly mapToRegistry   rawSpec: '',
26 silly mapToRegistry   spec: 'latest',
26 silly mapToRegistry   type: 'tag' }
27 silly mapToRegistry uri http://registry.cnpmjs.org/ui-mobile-selector
28 verbose publish registryBase http://registry.cnpmjs.org/
29 silly publish uploading C:\Users\Administrator.FUTUCN-05121115\AppData\Roaming\npm-cache\ui-mobile-selector\1.0.0\package.tgz
30 verbose request uri http://registry.cnpmjs.org/ui-mobile-selector
31 verbose request sending authorization for write operation
32 info attempt registry request try #1 at 11:16:21
33 verbose request id 853eec1672466e7c
34 http request PUT http://registry.cnpmjs.org/ui-mobile-selector
35 http 403 http://registry.cnpmjs.org/ui-mobile-selector
36 verbose headers { server: 'nginx/1.4.6 (Ubuntu)',
36 verbose headers   date: 'Tue, 25 Oct 2016 03:16:22 GMT',
36 verbose headers   'content-type': 'application/json; charset=utf-8',
36 verbose headers   'transfer-encoding': 'chunked',
36 verbose headers   connection: 'keep-alive',
36 verbose headers   'x-current-requests': '1',
36 verbose headers   'x-readtime': '8',
36 verbose headers   'content-encoding': 'gzip' }
37 verbose request invalidating C:\Users\Administrator.FUTUCN-05121115\AppData\Roaming\npm-cache\registry.cnpmjs.org\ui-mobile-selector on PUT
38 error publish Failed PUT 403
39 verbose stack Error: no_perms Private mode enable, only admin can publish this module: ui-mobile-selector
39 verbose stack     at makeError (C:\Program Files\nodejs\node_modules\npm\node_modules\npm-registry-client\lib\request.js:264:12)
39 verbose stack     at CachingRegistryClient.<anonymous> (C:\Program Files\nodejs\node_modules\npm\node_modules\npm-registry-client\lib\request.js:252:14)
39 verbose stack     at C:\Program Files\nodejs\node_modules\npm\node_modules\npm-registry-client\lib\request.js:178:7
39 verbose stack     at Gunzip.onEnd (zlib.js:227:5)
39 verbose stack     at emitNone (events.js:91:20)
39 verbose stack     at Gunzip.emit (events.js:185:7)
39 verbose stack     at endReadableNT (_stream_readable.js:926:12)
39 verbose stack     at _combinedTickCallback (internal/process/next_tick.js:74:11)
39 verbose stack     at process._tickCallback (internal/process/next_tick.js:98:9)
40 verbose statusCode 403
41 verbose pkgid ui-mobile-selector
42 verbose cwd E:\git\ui-mobile-selector
43 error Windows_NT 6.1.7601
44 error argv "C:\\Program Files\\nodejs\\node.exe" "C:\\Program Files\\nodejs\\node_modules\\npm\\bin\\npm-cli.js" "publish"
45 error node v6.2.0
46 error npm  v3.8.9
47 error code E403
48 error no_perms Private mode enable, only admin can publish this module: ui-mobile-selector
49 error If you need help, you may report this error at:
49 error     <https://github.com/npm/npm/issues>
50 verbose exit [ 1, true ]
